Removed Parameter OriginalName:AD8532AR from Part DA1
Removed Parameter OriginalName:AD8532AR from Part DA1
Removed Parameter OriginalName:AD8532AR from Part DA2
Removed Parameter OriginalName:AD8532AR from Part DA2
Removed Parameter OriginalName: from Part C1
Removed Parameter OriginalName: from Part C2
Removed Parameter OriginalName: from Part C3
Removed Parameter OriginalName: from Part C4
Removed Parameter OriginalName: from Part C5
Removed Parameter OriginalName: from Part C6
Removed Parameter OriginalName: from Part C7
Removed Parameter OriginalName: from Part C8
Removed Parameter OriginalName: from Part C9
Removed Parameter OriginalName: from Part C10
Removed Parameter OriginalName: from Part C11
Removed Parameter OriginalName: from Part C12
Removed Parameter OriginalName: from Part C13
Removed Parameter OriginalName: from Part C14
Removed Parameter OriginalName: from Part C15
Removed Parameter OriginalName: from Part C16
Removed Parameter OriginalName: from Part C17
Removed Parameter OriginalName: from Part C18
Removed Parameter OriginalName: from Part C19
Removed Parameter OriginalName: from Part C21
Removed Parameter OriginalName: from Part C22
Removed Parameter OriginalName: from Part C23
Removed Parameter OriginalName: from Part C24
Removed Parameter OriginalName: from Part C25
Removed Parameter OriginalName: from Part C26
Removed Parameter OriginalName: from Part C27
Removed Parameter OriginalName: from Part C30
Removed Parameter OriginalName: from Part C31
Removed Parameter OriginalName: from Part C32
Removed Parameter OriginalName: from Part C33
Removed Parameter OriginalName: from Part DA3
Removed Parameter OriginalName: from Part DA4
Removed Parameter OriginalName: from Part DA6
Removed Parameter OriginalName: from Part DD1
Removed Parameter OriginalName: from Part DD7
Removed Parameter OriginalName: from Part L1
Removed Parameter OriginalName: from Part L2
Removed Parameter OriginalName: from Part R1
Removed Parameter OriginalName: from Part R2
Removed Parameter OriginalName: from Part R3
Removed Parameter OriginalName: from Part R4
Removed Parameter OriginalName: from Part R5
Removed Parameter OriginalName: from Part R9
Removed Parameter OriginalName: from Part R10
Removed Parameter OriginalName: from Part R11
Removed Parameter OriginalName: from Part R15
Removed Parameter OriginalName: from Part R17
Removed Parameter OriginalName: from Part R18
Removed Parameter OriginalName: from Part R19
Removed Parameter OriginalName: from Part R20
Removed Parameter OriginalName: from Part R21
Removed Parameter OriginalName: from Part R22
Removed Parameter OriginalName: from Part R23
Removed Parameter OriginalName: from Part R24
Removed Parameter OriginalName: from Part R25
Removed Parameter OriginalName: from Part R26
Removed Parameter OriginalName: from Part R27
Removed Parameter OriginalName: from Part R28
Removed Parameter OriginalName: from Part R29
Removed Parameter OriginalName: from Part R30
Removed Parameter OriginalName: from Part R31
Removed Parameter OriginalName: from Part R32
Removed Parameter OriginalName: from Part R33
Removed Parameter OriginalName: from Part VD3
Removed Parameter OriginalName: from Part VD6
Removed Parameter OriginalName: from Part VD7
Removed Parameter OriginalName: from Part VD8
Removed Parameter OriginalName: from Part VD9
Removed Parameter OriginalName: from Part VT1
Removed Parameter OriginalName: from Part VT2
Removed Parameter OriginalName: from Part VT3
Removed Parameter OriginalName: from Part VT4
Removed Parameter OriginalName: from Part X1
Removed Parameter OriginalName: from Part X2
Removed Parameter OriginalName: from Part X3
Removed Parameter OriginalName: from Part X4
Removed Parameter OriginalName: from Part X5
Removed Parameter OriginalName: from Part X6
Removed Parameter OriginalName: from Part X7
Removed Parameter OriginalName: from Part X8
Removed Parameter OriginalName: from Part X9
Removed Parameter OriginalName: from Part X10
Removed Parameter OriginalName: from Part X11
Removed Parameter OriginalName: from Part X12
Removed Parameter OriginalName: from Part X13
Removed Parameter OriginalName: from Part X14
Removed Parameter OriginalName: from Part X15
Removed Parameter OriginalName: from Part X16
Removed Parameter OriginalName: from Part XP1
Removed Parameter OriginalName: from Part XS1
Removed Parameter OriginalName:XTAL from Part ZQ1
Change Value of Parameter Part Number in Part C1 Old= New=SMD CAP CER 0.1uF ±10% 50V X7R 0603
Change Value of Parameter Part Number in Part C2 Old= New=SMD CAP CER 0.1uF ±10% 50V X7R 0603
Change Value of Parameter Part Number in Part C3 Old= New=SMD CAP CER 0.1uF ±10% 50V X7R 0603
Change Value of Parameter Part Number in Part C4 Old= New=SMD CAP CER 0.1uF ±10% 50V X7R 0603
Change Value of Parameter Part Number in Part C5 Old= New=SMD CAP CER 0.1uF ±10% 50V X7R 0603
Change Value of Parameter Part Number in Part C6 Old= New=SMD CAP CER 0.1uF ±10% 50V X7R 0603
Change Value of Parameter Part Number in Part C7 Old= New=SMD CAP CER 0.1uF ±10% 50V X7R 0603
Change Value of Parameter Part Number in Part C8 Old= New=SMD CAP CER 1000pF ±10% 50V X7R 0603
Change Value of Parameter Part Number in Part C9 Old= New=SMD CAP CER 0.01uF ±10% 50V X7R 0603
Change Value of Parameter Part Number in Part C10 Old= New=SMD CAP CER 12pF ±10% 10V X7R 0603
Change Value of Parameter Part Number in Part C11 Old= New=SMD CAP CER 12pF ±10% 10V X7R 0603
Change Value of Parameter Part Number in Part C12 Old= New=SMD CAP CER 0.01uF ±10% 50V X7R 0603
Change Value of Parameter Part Number in Part C14 Old= New=SMD CAP CER 0.1uF ±10% 50V X7R 0603
Change Value of Parameter Part Number in Part C17 Old= New=SMD CAP CER 0.1uF ±10% 50V X7R 0603
Change Value of Parameter Part Number in Part C18 Old= New=SMD CAP CER 0.1uF ±10% 50V X7R 0603
Change Value of Parameter Part Number in Part C21 Old= New=SMD CAP CER 0.1uF ±10% 50V X7R 0603
Change Value of Parameter Part Number in Part C22 Old= New=SMD CAP CER 0.1uF ±10% 50V X7R 0603
Change Value of Parameter Part Number in Part C23 Old= New=SMD CAP CER 0.1uF ±10% 50V X7R 0603
Change Value of Parameter Part Number in Part C25 Old= New=SMD CAP CER 0.1uF ±10% 50V X7R 0603
Change Value of Parameter Part Number in Part C26 Old= New=SMD CAP CER 0.1uF ±10% 50V X7R 0603
Change Value of Parameter Part Number in Part C27 Old= New=SMD CAP CER 0.1uF ±10% 50V X7R 0603
Change Value of Parameter Part Number in Part C30 Old= New=SMD CAP CER 0.1uF ±10% 50V X7R 0603
Change Value of Parameter Part Number in Part C31 Old= New=SMD CAP CER 0.1uF ±10% 50V X7R 0603
Change Value of Parameter Part Number in Part C32 Old= New=SMD CAP CER 0.1uF ±10% 50V X7R 0603
Change Value of Parameter Part Number in Part C33 Old= New=SMD CAP CER 0.1uF ±10% 50V X7R 0603
Change Value of Parameter Part Number in Part DA1 Old= New=AD8532AR  
Change Value of Parameter Value in Part DA1 Old= New=AD8532AR  
Change Value of Parameter Part Number in Part DA1 Old= New=AD8532AR  
Change Value of Parameter Value in Part DA1 Old= New=AD8532AR  
Change Value of Parameter Part Number in Part DA2 Old= New=AD8532AR  
Change Value of Parameter Value in Part DA2 Old=AD8542 New=AD8532AR  
Change Value of Parameter Part Number in Part DA2 Old= New=AD8532AR  
Change Value of Parameter Value in Part DA2 Old=AD8542 New=AD8532AR  
Change Value of Parameter Part Number in Part R1 Old= New=SMD RES 1k OHM 1% ±100ppm/°C 0603
Change Value of Parameter Part Number in Part R2 Old= New=SMD RES 1k OHM 1% ±100ppm/°C 0603
Change Value of Parameter Part Number in Part R3 Old= New=SMD RES 1k OHM 1% ±100ppm/°C 0603
Change Value of Parameter Part Number in Part R4 Old= New=SMD RES 3k OHM 1% ±100ppm/°C 0603
Change Value of Parameter Part Number in Part R9 Old= New=SMD RES 1M OHM 1% ±100ppm/°C 0603
Change Value of Parameter Part Number in Part R10 Old= New=SMD RES 100k OHM 1% ±100ppm/°C 0603
Change Value of Parameter Part Number in Part R11 Old= New=SMD RES 1M OHM 1% ±100ppm/°C 0603
Change Value of Parameter Part Number in Part R15 Old= New=SMD RES 100k OHM 1% ±100ppm/°C 0603
Change Value of Parameter Part Number in Part R17 Old= New=SMD RES 10k OHM 1% ±100ppm/°C 0603
Change Value of Parameter Part Number in Part R18 Old= New=SMD RES 0 OHM 1% ±100ppm/°C 0805
Change Value of Parameter Part Number in Part R19 Old= New=SMD RES 10 OHM 1% ±100ppm/°C 0603
Change Value of Parameter Part Number in Part R21 Old= New=SMD RES 1k OHM 1% ±100ppm/°C 0603
Change Value of Parameter Part Number in Part R22 Old= New=SMD RES 100 OHM 1% ±100ppm/°C 0603
Change Value of Parameter Part Number in Part R23 Old= New=SMD RES 10k OHM 1% ±100ppm/°C 0603
Change Value of Parameter Part Number in Part R24 Old= New=SMD RES 10k OHM 1% ±100ppm/°C 0603
Change Value of Parameter Part Number in Part R25 Old= New=SMD RES 10k OHM 1% ±100ppm/°C 0603
Change Value of Parameter Part Number in Part R26 Old= New=SMD RES 10k OHM 1% ±100ppm/°C 0603
Change Value of Parameter Part Number in Part R27 Old= New=SMD RES 100k OHM 1% ±100ppm/°C 0603
Change Value of Parameter Part Number in Part R28 Old= New=SMD RES 47k OHM 1% ±100ppm/°C 0603
Change Value of Parameter Part Number in Part R29 Old= New=SMD RES 1M OHM 1% ±100ppm/°C 0603
Change Value of Parameter Part Number in Part R30 Old= New=SMD RES 100k OHM 1% ±100ppm/°C 0603
Change Value of Parameter Part Number in Part R31 Old= New=SMD RES 10k OHM 1% ±100ppm/°C 0603
Change Value of Parameter Part Number in Part R32 Old= New=SMD RES 100k OHM 1% ±100ppm/°C 0603
Change Value of Parameter Part Number in Part R33 Old= New=SMD RES 1k OHM 1% ±100ppm/°C 0603
