Replace Part C1 CN0805 in C:\Users\dolgopolowa\Documents\Git\Plotnomer\PCB_Plotnomer_v1\Sheet1.SCHDOC with CN0805 from 81801_1.SCHLIB
Replace Part C2 CN0805 in C:\Users\dolgopolowa\Documents\Git\Plotnomer\PCB_Plotnomer_v1\Sheet1.SCHDOC with CN0805 from 81801_1.SCHLIB
Replace Part C3 CN0805 in C:\Users\dolgopolowa\Documents\Git\Plotnomer\PCB_Plotnomer_v1\Sheet1.SCHDOC with CN0805 from 81801_1.SCHLIB
Replace Part C4 CN0805 in C:\Users\dolgopolowa\Documents\Git\Plotnomer\PCB_Plotnomer_v1\Sheet1.SCHDOC with CN0805 from 81801_1.SCHLIB
Replace Part C5 CN0805 in C:\Users\dolgopolowa\Documents\Git\Plotnomer\PCB_Plotnomer_v1\Sheet1.SCHDOC with CN0805 from 81801_1.SCHLIB
Replace Part C6 CN0805 in C:\Users\dolgopolowa\Documents\Git\Plotnomer\PCB_Plotnomer_v1\Sheet1.SCHDOC with CN0805 from 81801_1.SCHLIB
Replace Part C7 CN0805 in C:\Users\dolgopolowa\Documents\Git\Plotnomer\PCB_Plotnomer_v1\Sheet1.SCHDOC with CN0805 from 81801_1.SCHLIB
Replace Part C8 CN0805 in C:\Users\dolgopolowa\Documents\Git\Plotnomer\PCB_Plotnomer_v1\Sheet1.SCHDOC with CN0805 from 81801_1.SCHLIB
Replace Part C9 CN0805 in C:\Users\dolgopolowa\Documents\Git\Plotnomer\PCB_Plotnomer_v1\Sheet1.SCHDOC with CN0805 from 81801_1.SCHLIB
Replace Part C10 CN0805 in C:\Users\dolgopolowa\Documents\Git\Plotnomer\PCB_Plotnomer_v1\Sheet1.SCHDOC with CN0805 from 81801_1.SCHLIB
Replace Part C11 CN0805 in C:\Users\dolgopolowa\Documents\Git\Plotnomer\PCB_Plotnomer_v1\Sheet1.SCHDOC with CN0805 from 81801_1.SCHLIB
Replace Part C12 CN0805 in C:\Users\dolgopolowa\Documents\Git\Plotnomer\PCB_Plotnomer_v1\Sheet1.SCHDOC with CN0805 from 81801_1.SCHLIB
Replace Part C13 CP1411CASE-B in C:\Users\dolgopolowa\Documents\Git\Plotnomer\PCB_Plotnomer_v1\Sheet1.SCHDOC with CP1411CASE-B from 81801_1.SCHLIB
Replace Part C14 CN0805 in C:\Users\dolgopolowa\Documents\Git\Plotnomer\PCB_Plotnomer_v1\Sheet1.SCHDOC with CN0805 from 81801_1.SCHLIB
Replace Part C15 CPSMD1411B in C:\Users\dolgopolowa\Documents\Git\Plotnomer\PCB_Plotnomer_v1\Sheet1.SCHDOC with CPSMD1411B from 81801_1.SCHLIB
Replace Part C16 CPSMD1411B in C:\Users\dolgopolowa\Documents\Git\Plotnomer\PCB_Plotnomer_v1\Sheet1.SCHDOC with CPSMD1411B from 81801_1.SCHLIB
Replace Part C17 CN0805 in C:\Users\dolgopolowa\Documents\Git\Plotnomer\PCB_Plotnomer_v1\Sheet1.SCHDOC with CN0805 from 81801_1.SCHLIB
Replace Part C18 CN0805 in C:\Users\dolgopolowa\Documents\Git\Plotnomer\PCB_Plotnomer_v1\Sheet1.SCHDOC with CN0805 from 81801_1.SCHLIB
Replace Part C19 CN0805 in C:\Users\dolgopolowa\Documents\Git\Plotnomer\PCB_Plotnomer_v1\Sheet1.SCHDOC with CN0805 from 81801_1.SCHLIB
Replace Part C21 CN0805 in C:\Users\dolgopolowa\Documents\Git\Plotnomer\PCB_Plotnomer_v1\Sheet1.SCHDOC with CN0805 from 81801_1.SCHLIB
Replace Part C22 CN0805 in C:\Users\dolgopolowa\Documents\Git\Plotnomer\PCB_Plotnomer_v1\Sheet1.SCHDOC with CN0805 from 81801_1.SCHLIB
Replace Part C23 CN0805 in C:\Users\dolgopolowa\Documents\Git\Plotnomer\PCB_Plotnomer_v1\Sheet1.SCHDOC with CN0805 from 81801_1.SCHLIB
Replace Part C24 CPSMD1411B in C:\Users\dolgopolowa\Documents\Git\Plotnomer\PCB_Plotnomer_v1\Sheet1.SCHDOC with CPSMD1411B from 81801_1.SCHLIB
Replace Part C25 CN0805 in C:\Users\dolgopolowa\Documents\Git\Plotnomer\PCB_Plotnomer_v1\Sheet1.SCHDOC with CN0805 from 81801_1.SCHLIB
Replace Part C26 CN0805 in C:\Users\dolgopolowa\Documents\Git\Plotnomer\PCB_Plotnomer_v1\Sheet1.SCHDOC with CN0805 from 81801_1.SCHLIB
Replace Part C27 CN0805 in C:\Users\dolgopolowa\Documents\Git\Plotnomer\PCB_Plotnomer_v1\Sheet1.SCHDOC with CN0805 from 81801_1.SCHLIB
Replace Part C30 CN0805 in C:\Users\dolgopolowa\Documents\Git\Plotnomer\PCB_Plotnomer_v1\Sheet1.SCHDOC with CN0805 from 81801_1.SCHLIB
Replace Part C31 CN0805 in C:\Users\dolgopolowa\Documents\Git\Plotnomer\PCB_Plotnomer_v1\Sheet1.SCHDOC with CN0805 from 81801_1.SCHLIB
Replace Part C32 CN0805 in C:\Users\dolgopolowa\Documents\Git\Plotnomer\PCB_Plotnomer_v1\Sheet1.SCHDOC with CN0805 from 81801_1.SCHLIB
Replace Part C33 CN0805 in C:\Users\dolgopolowa\Documents\Git\Plotnomer\PCB_Plotnomer_v1\Sheet1.SCHDOC with CN0805 from 81801_1.SCHLIB
Replace Part DA1 DA-OP-AD8542SO8 in C:\Users\dolgopolowa\Documents\Git\Plotnomer\PCB_Plotnomer_v1\Sheet1.SCHDOC with DA-OP-AD8542SO8 from 81801_1.SCHLIB
Replace Part DA1 DA-OP-AD8542SO8 in C:\Users\dolgopolowa\Documents\Git\Plotnomer\PCB_Plotnomer_v1\Sheet1.SCHDOC with DA-OP-AD8542SO8 from 81801_1.SCHLIB
Replace Part DA2 DA-OP-AD8542SO8 in C:\Users\dolgopolowa\Documents\Git\Plotnomer\PCB_Plotnomer_v1\Sheet1.SCHDOC with DA-OP-AD8542SO8 from 81801_1.SCHLIB
Replace Part DA2 DA-OP-AD8542SO8 in C:\Users\dolgopolowa\Documents\Git\Plotnomer\PCB_Plotnomer_v1\Sheet1.SCHDOC with DA-OP-AD8542SO8 from 81801_1.SCHLIB
Replace Part DA3 DA-ADC-AD7705SO in C:\Users\dolgopolowa\Documents\Git\Plotnomer\PCB_Plotnomer_v1\Sheet1.SCHDOC with DA-ADC-AD7705SO from 81801_1.SCHLIB
Replace Part DA4 DA-STU-LP2980 in C:\Users\dolgopolowa\Documents\Git\Plotnomer\PCB_Plotnomer_v1\Sheet1.SCHDOC with DA-STU-LP2980 from 81801_1.SCHLIB
Replace Part DA6 DA-STU-BL9342 in C:\Users\dolgopolowa\Documents\Git\Plotnomer\PCB_Plotnomer_v1\Sheet1.SCHDOC with DA-STU-BL9342 from 81801_1.SCHLIB
Replace Part DD1 DD-CPU-DSPIC33EPXXGS506 in C:\Users\dolgopolowa\Documents\Git\Plotnomer\PCB_Plotnomer_v1\Sheet1.SCHDOC with DD-CPU-DSPIC33EPXXGS506 from 81801_1.SCHLIB
Replace Part X1 X-PIN80 in C:\Users\dolgopolowa\Documents\Git\Plotnomer\PCB_Plotnomer_v1\Sheet1.SCHDOC with X-PIN80 from 81801_1.SCHLIB
Replace Part X2 X-PIN100 in C:\Users\dolgopolowa\Documents\Git\Plotnomer\PCB_Plotnomer_v1\Sheet1.SCHDOC with X-PIN100 from 81801_1.SCHLIB
Replace Part X3 X-PIN80 in C:\Users\dolgopolowa\Documents\Git\Plotnomer\PCB_Plotnomer_v1\Sheet1.SCHDOC with X-PIN80 from 81801_1.SCHLIB
Replace Part X4 X-PIN100 in C:\Users\dolgopolowa\Documents\Git\Plotnomer\PCB_Plotnomer_v1\Sheet1.SCHDOC with X-PIN100 from 81801_1.SCHLIB
Replace Part X5 X-PIN100 in C:\Users\dolgopolowa\Documents\Git\Plotnomer\PCB_Plotnomer_v1\Sheet1.SCHDOC with X-PIN100 from 81801_1.SCHLIB
Replace Part X6 X-PIN100 in C:\Users\dolgopolowa\Documents\Git\Plotnomer\PCB_Plotnomer_v1\Sheet1.SCHDOC with X-PIN100 from 81801_1.SCHLIB
Replace Part X7 X-PIN100 in C:\Users\dolgopolowa\Documents\Git\Plotnomer\PCB_Plotnomer_v1\Sheet1.SCHDOC with X-PIN100 from 81801_1.SCHLIB
Replace Part X8 X-PIN100 in C:\Users\dolgopolowa\Documents\Git\Plotnomer\PCB_Plotnomer_v1\Sheet1.SCHDOC with X-PIN100 from 81801_1.SCHLIB
Replace Part X9 X-PIN80 in C:\Users\dolgopolowa\Documents\Git\Plotnomer\PCB_Plotnomer_v1\Sheet1.SCHDOC with X-PIN80 from 81801_1.SCHLIB
Replace Part X10 X-PIN80 in C:\Users\dolgopolowa\Documents\Git\Plotnomer\PCB_Plotnomer_v1\Sheet1.SCHDOC with X-PIN80 from 81801_1.SCHLIB
Replace Part X11 X-PIN80 in C:\Users\dolgopolowa\Documents\Git\Plotnomer\PCB_Plotnomer_v1\Sheet1.SCHDOC with X-PIN80 from 81801_1.SCHLIB
Replace Part X12 X-PIN80 in C:\Users\dolgopolowa\Documents\Git\Plotnomer\PCB_Plotnomer_v1\Sheet1.SCHDOC with X-PIN80 from 81801_1.SCHLIB
Replace Part X13 X-PIN100 in C:\Users\dolgopolowa\Documents\Git\Plotnomer\PCB_Plotnomer_v1\Sheet1.SCHDOC with X-PIN100 from 81801_1.SCHLIB
Replace Part X14 X-PIN100 in C:\Users\dolgopolowa\Documents\Git\Plotnomer\PCB_Plotnomer_v1\Sheet1.SCHDOC with X-PIN100 from 81801_1.SCHLIB
Replace Part X15 X-PIN100 in C:\Users\dolgopolowa\Documents\Git\Plotnomer\PCB_Plotnomer_v1\Sheet1.SCHDOC with X-PIN100 from 81801_1.SCHLIB
Replace Part X16 X-PIN100 in C:\Users\dolgopolowa\Documents\Git\Plotnomer\PCB_Plotnomer_v1\Sheet1.SCHDOC with X-PIN100 from 81801_1.SCHLIB
