Change Value of Parameter Pkg in Part C1 Old= New=0603
Change Value of Parameter Solder_Amount in Part C1 Old= New=2
Change Value of Parameter Pkg in Part C2 Old= New=0603
Change Value of Parameter Solder_Amount in Part C2 Old= New=2
Change Value of Parameter Pkg in Part C3 Old= New=0603
Change Value of Parameter Solder_Amount in Part C3 Old= New=2
Change Value of Parameter Pkg in Part C4 Old= New=0603
Change Value of Parameter Solder_Amount in Part C4 Old= New=2
Change Value of Parameter Pkg in Part C5 Old= New=0603
Change Value of Parameter Solder_Amount in Part C5 Old= New=2
Change Value of Parameter Pkg in Part C6 Old= New=0603
Change Value of Parameter Solder_Amount in Part C6 Old= New=2
Change Value of Parameter Pkg in Part C7 Old= New=0603
Change Value of Parameter Solder_Amount in Part C7 Old= New=2
Change Value of Parameter Pkg in Part C8 Old= New=0603
Change Value of Parameter Solder_Amount in Part C8 Old= New=2
Change Value of Parameter Pkg in Part C9 Old= New=0603
Change Value of Parameter Solder_Amount in Part C9 Old= New=2
Change Value of Parameter Pkg in Part C10 Old= New=0603
Change Value of Parameter Solder_Amount in Part C10 Old= New=2
Change Value of Parameter Pkg in Part C11 Old= New=0603
Change Value of Parameter Solder_Amount in Part C11 Old= New=2
Change Value of Parameter Pkg in Part C12 Old= New=0603
Change Value of Parameter Solder_Amount in Part C12 Old= New=2
Change Value of Parameter Pkg in Part C13 Old= New=1210
Change Value of Parameter Solder_Amount in Part C13 Old= New=2
Change Value of Parameter Pkg in Part C14 Old= New=0603
Change Value of Parameter Solder_Amount in Part C14 Old= New=2
Change Value of Parameter Pkg in Part C15 Old= New=1210
Change Value of Parameter Solder_Amount in Part C15 Old= New=2
Change Value of Parameter Pkg in Part C16 Old= New=1210
Change Value of Parameter Solder_Amount in Part C16 Old= New=2
Change Value of Parameter Pkg in Part C17 Old= New=0603
Change Value of Parameter Solder_Amount in Part C17 Old= New=2
Change Value of Parameter Pkg in Part C18 Old= New=0603
Change Value of Parameter Solder_Amount in Part C18 Old= New=2
Change Value of Parameter Pkg in Part C19 Old= New=1210
Change Value of Parameter Solder_Amount in Part C19 Old= New=2
Change Value of Parameter Pkg in Part C21 Old= New=0603
Change Value of Parameter Solder_Amount in Part C21 Old= New=2
Change Value of Parameter Pkg in Part C22 Old= New=0603
Change Value of Parameter Solder_Amount in Part C22 Old= New=2
Change Value of Parameter Pkg in Part C23 Old= New=0603
Change Value of Parameter Solder_Amount in Part C23 Old= New=2
Change Value of Parameter Pkg in Part C24 Old= New=1210
Change Value of Parameter Solder_Amount in Part C24 Old= New=2
Change Value of Parameter Pkg in Part C25 Old= New=0603
Change Value of Parameter Solder_Amount in Part C25 Old= New=2
Change Value of Parameter Pkg in Part C26 Old= New=0603
Change Value of Parameter Solder_Amount in Part C26 Old= New=2
Change Value of Parameter Pkg in Part C27 Old= New=0603
Change Value of Parameter Solder_Amount in Part C27 Old= New=2
Change Value of Parameter Pkg in Part C30 Old= New=0603
Change Value of Parameter Solder_Amount in Part C30 Old= New=2
Change Value of Parameter Pkg in Part C31 Old= New=0603
Change Value of Parameter Solder_Amount in Part C31 Old= New=2
Change Value of Parameter Pkg in Part C32 Old= New=0603
Change Value of Parameter Solder_Amount in Part C32 Old= New=2
Change Value of Parameter Pkg in Part C33 Old= New=0603
Change Value of Parameter Solder_Amount in Part C33 Old= New=2
Change Value of Parameter Pkg in Part DA1 Old= New=SO-8
Change Value of Parameter Solder_Amount in Part DA1 Old= New=8
Change Value of Parameter Pkg in Part DA1 Old= New=SO-8
Change Value of Parameter Solder_Amount in Part DA1 Old= New=8
Change Value of Parameter Pkg in Part DA2 Old= New=SO-8
Change Value of Parameter Solder_Amount in Part DA2 Old= New=8
Change Value of Parameter Pkg in Part DA2 Old= New=SO-8
Change Value of Parameter Solder_Amount in Part DA2 Old= New=8
Change Value of Parameter Pkg in Part DA3 Old= New=SO-16
Change Value of Parameter Solder_Amount in Part DA3 Old= New=16
Change Value of Parameter Pkg in Part DA4 Old= New=SOT23-5
Change Value of Parameter Solder_Amount in Part DA4 Old= New=5
Change Value of Parameter Pkg in Part DA6 Old= New=SOT23-6
Change Value of Parameter Solder_Amount in Part DA6 Old= New=6
Change Value of Parameter Pkg in Part DD1 Old= New=TQFP-64
Change Value of Parameter Solder_Amount in Part DD1 Old= New=64
Change Value of Parameter Pkg in Part DD7 Old= New=SO-8
Change Value of Parameter Solder_Amount in Part DD7 Old= New=8
Change Value of Parameter Solder_Amount in Part L1 Old= New=2
Change Value of Parameter Solder_Amount in Part L2 Old= New=2
Change Value of Parameter Pkg in Part R1 Old= New=0603
Change Value of Parameter Solder_Amount in Part R1 Old= New=2
Change Value of Parameter Pkg in Part R2 Old= New=0603
Change Value of Parameter Solder_Amount in Part R2 Old= New=2
Change Value of Parameter Pkg in Part R3 Old= New=0603
Change Value of Parameter Solder_Amount in Part R3 Old= New=2
Change Value of Parameter Pkg in Part R4 Old= New=0603
Change Value of Parameter Solder_Amount in Part R4 Old= New=2
Change Value of Parameter Pkg in Part R5 Old= New=0603
Change Value of Parameter Solder_Amount in Part R5 Old= New=2
Change Value of Parameter Pkg in Part R9 Old= New=0603
Change Value of Parameter Solder_Amount in Part R9 Old= New=2
Change Value of Parameter Pkg in Part R10 Old= New=0603
Change Value of Parameter Solder_Amount in Part R10 Old= New=2
Change Value of Parameter Pkg in Part R11 Old= New=0603
Change Value of Parameter Solder_Amount in Part R11 Old= New=2
Change Value of Parameter Pkg in Part R15 Old= New=0603
Change Value of Parameter Solder_Amount in Part R15 Old= New=2
Change Value of Parameter Pkg in Part R17 Old= New=0603
Change Value of Parameter Solder_Amount in Part R17 Old= New=2
Change Value of Parameter Part Number in Part R18 Old=SMD RES 0 OHM 1% ±100ppm/°C 0805 New=SMD RES 0 OHM 1% ±100ppm/°C 0603
Change Value of Parameter Pkg in Part R18 Old= New=0603
Change Value of Parameter Solder_Amount in Part R18 Old= New=2
Change Value of Parameter Pkg in Part R19 Old= New=0603
Change Value of Parameter Solder_Amount in Part R19 Old= New=2
Change Value of Parameter Pkg in Part R20 Old= New=0603
Change Value of Parameter Solder_Amount in Part R20 Old= New=2
Change Value of Parameter Pkg in Part R21 Old= New=0603
Change Value of Parameter Solder_Amount in Part R21 Old= New=2
Change Value of Parameter Pkg in Part R22 Old= New=0603
Change Value of Parameter Solder_Amount in Part R22 Old= New=2
Change Value of Parameter Pkg in Part R23 Old= New=0603
Change Value of Parameter Solder_Amount in Part R23 Old= New=2
Change Value of Parameter Pkg in Part R24 Old= New=0603
Change Value of Parameter Solder_Amount in Part R24 Old= New=2
Change Value of Parameter Pkg in Part R25 Old= New=0603
Change Value of Parameter Solder_Amount in Part R25 Old= New=2
Change Value of Parameter Pkg in Part R26 Old= New=0603
Change Value of Parameter Solder_Amount in Part R26 Old= New=2
Change Value of Parameter Pkg in Part R27 Old= New=0603
Change Value of Parameter Solder_Amount in Part R27 Old= New=2
Change Value of Parameter Pkg in Part R28 Old= New=0603
Change Value of Parameter Solder_Amount in Part R28 Old= New=2
Change Value of Parameter Pkg in Part R29 Old= New=0603
Change Value of Parameter Solder_Amount in Part R29 Old= New=2
Change Value of Parameter Pkg in Part R30 Old= New=0603
Change Value of Parameter Solder_Amount in Part R30 Old= New=2
Change Value of Parameter Pkg in Part R31 Old= New=0603
Change Value of Parameter Solder_Amount in Part R31 Old= New=2
Change Value of Parameter Pkg in Part R32 Old= New=0603
Change Value of Parameter Solder_Amount in Part R32 Old= New=2
Change Value of Parameter Pkg in Part R33 Old= New=0603
Change Value of Parameter Solder_Amount in Part R33 Old= New=2
Change Value of Parameter Pkg in Part VD3 Old= New=SMB
Change Value of Parameter Solder_Amount in Part VD3 Old= New=2
Change Value of Parameter Pkg in Part VD6 Old= New=SOD-80
Change Value of Parameter Solder_Amount in Part VD6 Old= New=2
Change Value of Parameter Solder_Amount in Part VD7 Old= New=2
Change Value of Parameter Pkg in Part VD8 Old= New=SOD-80
Change Value of Parameter Solder_Amount in Part VD8 Old= New=2
Change Value of Parameter Pkg in Part VD9 Old= New=SOD-80
Change Value of Parameter Solder_Amount in Part VD9 Old= New=2
Change Value of Parameter Pkg in Part VT1 Old= New=SOT23-3
Change Value of Parameter Solder_Amount in Part VT1 Old= New=3
Change Value of Parameter Pkg in Part VT2 Old= New=SOT23-3
Change Value of Parameter Solder_Amount in Part VT2 Old= New=3
Change Value of Parameter Pkg in Part VT3 Old= New=SOT23-3
Change Value of Parameter Solder_Amount in Part VT3 Old= New=3
Change Value of Parameter Solder_Amount in Part VT4 Old= New=2
Change Value of Parameter Solder_Amount in Part X1 Old= New=2
Change Value of Parameter Solder_Amount in Part X2 Old= New=2
Change Value of Parameter Solder_Amount in Part X3 Old= New=2
Change Value of Parameter Solder_Amount in Part X4 Old= New=2
Change Value of Parameter Solder_Amount in Part X5 Old= New=2
Change Value of Parameter Solder_Amount in Part X6 Old= New=2
Change Value of Parameter Solder_Amount in Part X7 Old= New=2
Change Value of Parameter Solder_Amount in Part X8 Old= New=2
Change Value of Parameter Solder_Amount in Part X9 Old= New=2
Change Value of Parameter Solder_Amount in Part X10 Old= New=2
Change Value of Parameter Solder_Amount in Part X11 Old= New=2
Change Value of Parameter Solder_Amount in Part X12 Old= New=2
Change Value of Parameter Solder_Amount in Part X13 Old= New=2
Change Value of Parameter Solder_Amount in Part X14 Old= New=2
Change Value of Parameter Solder_Amount in Part X15 Old= New=2
Change Value of Parameter Solder_Amount in Part X16 Old= New=2
Change Value of Parameter Solder_Amount in Part XP1 Old= New=2
Change Value of Parameter Solder_Amount in Part XS1 Old= New=2
Change Value of Parameter Solder_Amount in Part ZQ1 Old= New=2
